<?xml version="1.0" encoding="UTF-8"?>
<!-- Generated by org.testng.reporters.JUnitReportReporter -->
<testsuite hostname="Manasa-MacBook-Pro.local" failures="0" tests="1" name="Monefy.tests" time="152.662" errors="0" timestamp="2022-06-26T12:31:53 GST" skipped="0">
  <testcase classname="Monefy.tests" name="boarding" time="152.662"/>
  <system-out/>
</testsuite> <!-- Monefy.tests -->
