<?xml version="1.0" encoding="UTF-8"?>
<!-- Generated by org.testng.reporters.JUnitReportReporter -->
<testsuite hostname="Manasa-MacBook-Pro.local" failures="0" tests="2" name="tests.OnboardingTest" time="213.336" errors="0" timestamp="2022-06-28T19:17:42 GST" skipped="0">
  <testcase classname="tests.OnboardingTest" name="continueNext" time="81.550"/>
  <system-out/>
  <testcase classname="tests.OnboardingTest" name="homePageLanding" time="131.786"/>
  <system-out/>
</testsuite> <!-- tests.OnboardingTest -->
